  [1m[35m (311.7ms)[0m  [1m[35mCREATE DATABASE "mind_smith_backend_development" ENCODING = 'unicode'[0m
  [1m[35m (104.0ms)[0m  [1m[35mCREATE DATABASE "mind_smith_backend_test" ENCODING = 'unicode'[0m
  [1m[35m (2.6ms)[0m  [1m[35mCREATE DATABASE "mind_smith_backend_development" ENCODING = 'unicode'[0m
  [1m[35m (1.1ms)[0m  [1m[35mCREATE DATABASE "mind_smith_backend_test" ENCODING = 'unicode'[0m
  [1m[35m (9.0ms)[0m  [1m[35mCREATE TABLE "schema_migrations" ("version" character varying NOT NULL PRIMARY KEY)[0m
  [1m[35m (5.0ms)[0m  [1m[35mCREATE TABLE "ar_internal_metadata" ("key" character varying NOT NULL PRIMARY KEY, "value" character varying, "created_at" timestamp(6) NOT NULL, "updated_at" timestamp(6) NOT NULL)[0m
  [1m[35m (0.3ms)[0m  [1m[34mSELECT pg_try_advisory_lock(5760214186689642015)[0m
  [1m[35m (0.8ms)[0m  [1m[34mSELECT "schema_migrations"."version" FROM "schema_migrations" ORDER BY "schema_migrations"."version" ASC[0m
Migrating to CreatePosts (20200409194615)
  [1m[35m (0.2ms)[0m  [1m[35mBEGIN[0m
  [1m[35m (6.9ms)[0m  [1m[35mCREATE TABLE "posts" ("id" bigserial primary key, "title" character varying, "body" character varying, "created_at" timestamp(6) NOT NULL, "updated_at" timestamp(6) NOT NULL)[0m
  [1m[36mprimary::SchemaMigration Create (0.8ms)[0m  [1m[32mINSERT INTO "schema_migrations" ("version") VALUES ($1) RETURNING "version"[0m  [["version", "20200409194615"]]
  [1m[35m (1.1ms)[0m  [1m[35mCOMMIT[0m
Migrating to CreateTags (20200409195058)
  [1m[35m (4.4ms)[0m  [1m[35mBEGIN[0m
  [1m[35m (6.4ms)[0m  [1m[35mCREATE TABLE "tags" ("id" bigserial primary key, "name" character varying, "created_at" timestamp(6) NOT NULL, "updated_at" timestamp(6) NOT NULL)[0m
  [1m[36mprimary::SchemaMigration Create (4.9ms)[0m  [1m[32mINSERT INTO "schema_migrations" ("version") VALUES ($1) RETURNING "version"[0m  [["version", "20200409195058"]]
  [1m[35m (16.5ms)[0m  [1m[35mCOMMIT[0m
Migrating to CreatePostTags (20200409195322)
  [1m[35m (6.6ms)[0m  [1m[35mBEGIN[0m
  [1m[35m (18.2ms)[0m  [1m[35mCREATE TABLE "post_tags" ("id" bigserial primary key, "post_id" bigint NOT NULL, "tag_id" bigint NOT NULL, "created_at" timestamp(6) NOT NULL, "updated_at" timestamp(6) NOT NULL, CONSTRAINT "fk_rails_fdf74b486b"
FOREIGN KEY ("post_id")
  REFERENCES "posts" ("id")
, CONSTRAINT "fk_rails_c9d8c5063e"
FOREIGN KEY ("tag_id")
  REFERENCES "tags" ("id")
)[0m
  [1m[35m (1.2ms)[0m  [1m[35mCREATE  INDEX  "index_post_tags_on_post_id" ON "post_tags"  ("post_id")[0m
  [1m[35m (1.7ms)[0m  [1m[35mCREATE  INDEX  "index_post_tags_on_tag_id" ON "post_tags"  ("tag_id")[0m
  [1m[36mprimary::SchemaMigration Create (4.5ms)[0m  [1m[32mINSERT INTO "schema_migrations" ("version") VALUES ($1) RETURNING "version"[0m  [["version", "20200409195322"]]
  [1m[35m (1.2ms)[0m  [1m[35mCOMMIT[0m
  [1m[36mActiveRecord::InternalMetadata Load (0.4ms)[0m  [1m[34mSELECT "ar_internal_metadata".* FROM "ar_internal_metadata" WHERE "ar_internal_metadata"."key" = $1 LIMIT $2[0m  [["key", "environment"], ["LIMIT", 1]]
  [1m[35m (0.2ms)[0m  [1m[35mBEGIN[0m
  [1m[36mActiveRecord::InternalMetadata Create (1.3ms)[0m  [1m[32mINSERT INTO "ar_internal_metadata" ("key", "value", "created_at", "updated_at") VALUES ($1, $2, $3, $4) RETURNING "key"[0m  [["key", "environment"], ["value", "development"], ["created_at", "2020-04-09 20:10:53.560029"], ["updated_at", "2020-04-09 20:10:53.560029"]]
  [1m[35m (0.6ms)[0m  [1m[35mCOMMIT[0m
  [1m[35m (0.3ms)[0m  [1m[34mSELECT pg_advisory_unlock(5760214186689642015)[0m
  [1m[35m (0.7ms)[0m  [1m[34mSELECT "schema_migrations"."version" FROM "schema_migrations" ORDER BY "schema_migrations"."version" ASC[0m
  [1m[35m (0.9ms)[0m  [1m[34mSELECT "schema_migrations"."version" FROM "schema_migrations" ORDER BY "schema_migrations"."version" ASC[0m
  [1m[35m (0.5ms)[0m  [1m[34mSELECT "schema_migrations"."version" FROM "schema_migrations" ORDER BY "schema_migrations"."version" ASC[0m
  [1m[35m (0.3ms)[0m  [1m[34mSELECT "schema_migrations"."version" FROM "schema_migrations" ORDER BY "schema_migrations"."version" ASC[0m
  [1m[35m (0.2ms)[0m  [1m[34mSELECT pg_try_advisory_lock(5760214186689642015)[0m
  [1m[35m (0.4ms)[0m  [1m[34mSELECT "schema_migrations"."version" FROM "schema_migrations" ORDER BY "schema_migrations"."version" ASC[0m
Migrating to CreatePostTags (20200409195322)
  [1m[35m (0.2ms)[0m  [1m[35mBEGIN[0m
  [1m[35m (11.9ms)[0m  [1m[35mDROP TABLE "post_tags"[0m
  [1m[36mprimary::SchemaMigration Destroy (6.9ms)[0m  [1m[31mDELETE FROM "schema_migrations" WHERE "schema_migrations"."version" = $1[0m  [["version", "20200409195322"]]
  [1m[35m (2.5ms)[0m  [1m[35mCOMMIT[0m
  [1m[35m (0.3ms)[0m  [1m[34mSELECT pg_advisory_unlock(5760214186689642015)[0m
  [1m[35m (0.8ms)[0m  [1m[34mSELECT "schema_migrations"."version" FROM "schema_migrations" ORDER BY "schema_migrations"."version" ASC[0m
  [1m[35m (0.6ms)[0m  [1m[34mSELECT "schema_migrations"."version" FROM "schema_migrations" ORDER BY "schema_migrations"."version" ASC[0m
  [1m[35m (0.3ms)[0m  [1m[34mSELECT "schema_migrations"."version" FROM "schema_migrations" ORDER BY "schema_migrations"."version" ASC[0m
  [1m[35m (0.3ms)[0m  [1m[34mSELECT "schema_migrations"."version" FROM "schema_migrations" ORDER BY "schema_migrations"."version" ASC[0m
  [1m[35m (0.2ms)[0m  [1m[34mSELECT pg_try_advisory_lock(5760214186689642015)[0m
  [1m[35m (0.4ms)[0m  [1m[34mSELECT "schema_migrations"."version" FROM "schema_migrations" ORDER BY "schema_migrations"."version" ASC[0m
Migrating to CreateTags (20200409195058)
  [1m[35m (0.2ms)[0m  [1m[35mBEGIN[0m
  [1m[35m (1.5ms)[0m  [1m[35mDROP TABLE "tags"[0m
  [1m[36mprimary::SchemaMigration Destroy (0.5ms)[0m  [1m[31mDELETE FROM "schema_migrations" WHERE "schema_migrations"."version" = $1[0m  [["version", "20200409195058"]]
  [1m[35m (4.9ms)[0m  [1m[35mCOMMIT[0m
Migrating to CreatePosts (20200409194615)
  [1m[35m (0.2ms)[0m  [1m[35mBEGIN[0m
  [1m[35m (1.8ms)[0m  [1m[35mDROP TABLE "posts"[0m
  [1m[36mprimary::SchemaMigration Destroy (4.4ms)[0m  [1m[31mDELETE FROM "schema_migrations" WHERE "schema_migrations"."version" = $1[0m  [["version", "20200409194615"]]
  [1m[35m (3.8ms)[0m  [1m[35mCOMMIT[0m
  [1m[35m (2.0ms)[0m  [1m[34mSELECT pg_advisory_unlock(5760214186689642015)[0m
  [1m[35m (1.9ms)[0m  [1m[34mSELECT "schema_migrations"."version" FROM "schema_migrations" ORDER BY "schema_migrations"."version" ASC[0m
  [1m[35m (0.2ms)[0m  [1m[34mSELECT pg_try_advisory_lock(5760214186689642015)[0m
  [1m[35m (0.9ms)[0m  [1m[34mSELECT "schema_migrations"."version" FROM "schema_migrations" ORDER BY "schema_migrations"."version" ASC[0m
Migrating to CreatePosts (20200409194615)
  [1m[35m (0.2ms)[0m  [1m[35mBEGIN[0m
  [1m[35m (11.5ms)[0m  [1m[35mCREATE TABLE "posts" ("id" bigserial primary key, "title" character varying, "body" character varying, "created_at" timestamp(6) NOT NULL, "updated_at" timestamp(6) NOT NULL)[0m
  [1m[36mprimary::SchemaMigration Create (0.4ms)[0m  [1m[32mINSERT INTO "schema_migrations" ("version") VALUES ($1) RETURNING "version"[0m  [["version", "20200409194615"]]
  [1m[35m (0.7ms)[0m  [1m[35mCOMMIT[0m
Migrating to CreateTags (20200409195058)
  [1m[35m (0.5ms)[0m  [1m[35mBEGIN[0m
  [1m[35m (5.3ms)[0m  [1m[35mCREATE TABLE "tags" ("id" bigserial primary key, "name" character varying, "created_at" timestamp(6) NOT NULL, "updated_at" timestamp(6) NOT NULL)[0m
  [1m[36mprimary::SchemaMigration Create (0.4ms)[0m  [1m[32mINSERT INTO "schema_migrations" ("version") VALUES ($1) RETURNING "version"[0m  [["version", "20200409195058"]]
  [1m[35m (0.7ms)[0m  [1m[35mCOMMIT[0m
Migrating to CreatePostTags (20200409195322)
  [1m[35m (0.4ms)[0m  [1m[35mBEGIN[0m
  [1m[35m (7.1ms)[0m  [1m[35mCREATE TABLE "post_tags" ("id" bigserial primary key, "post_id" bigint NOT NULL, "tag_id" bigint NOT NULL, "created_at" timestamp(6) NOT NULL, "updated_at" timestamp(6) NOT NULL, CONSTRAINT "fk_rails_fdf74b486b"
FOREIGN KEY ("post_id")
  REFERENCES "posts" ("id")
, CONSTRAINT "fk_rails_c9d8c5063e"
FOREIGN KEY ("tag_id")
  REFERENCES "tags" ("id")
)[0m
  [1m[35m (3.9ms)[0m  [1m[35mCREATE  INDEX  "index_post_tags_on_post_id" ON "post_tags"  ("post_id")[0m
  [1m[35m (2.4ms)[0m  [1m[35mCREATE  INDEX  "index_post_tags_on_tag_id" ON "post_tags"  ("tag_id")[0m
  [1m[36mprimary::SchemaMigration Create (0.4ms)[0m  [1m[32mINSERT INTO "schema_migrations" ("version") VALUES ($1) RETURNING "version"[0m  [["version", "20200409195322"]]
  [1m[35m (0.7ms)[0m  [1m[35mCOMMIT[0m
  [1m[36mActiveRecord::InternalMetadata Load (1.2ms)[0m  [1m[34mSELECT "ar_internal_metadata".* FROM "ar_internal_metadata" WHERE "ar_internal_metadata"."key" = $1 LIMIT $2[0m  [["key", "environment"], ["LIMIT", 1]]
  [1m[35m (0.7ms)[0m  [1m[34mSELECT pg_advisory_unlock(5760214186689642015)[0m
  [1m[35m (1.1ms)[0m  [1m[34mSELECT "schema_migrations"."version" FROM "schema_migrations" ORDER BY "schema_migrations"."version" ASC[0m
  [1m[36mPost Load (0.5ms)[0m  [1m[34mSELECT "posts".* FROM "posts" LIMIT $1[0m  [["LIMIT", 11]]
  [1m[35m (0.8ms)[0m  [1m[34mSELECT "schema_migrations"."version" FROM "schema_migrations" ORDER BY "schema_migrations"."version" ASC[0m
  [1m[35m (0.4ms)[0m  [1m[34mSELECT "schema_migrations"."version" FROM "schema_migrations" ORDER BY "schema_migrations"."version" ASC[0m
  [1m[35m (0.3ms)[0m  [1m[34mSELECT "schema_migrations"."version" FROM "schema_migrations" ORDER BY "schema_migrations"."version" ASC[0m
  [1m[35m (1.7ms)[0m  [1m[34mSELECT pg_try_advisory_lock(5760214186689642015)[0m
  [1m[35m (0.4ms)[0m  [1m[34mSELECT "schema_migrations"."version" FROM "schema_migrations" ORDER BY "schema_migrations"."version" ASC[0m
Migrating to CreatePostTags (20200409195322)
  [1m[35m (0.2ms)[0m  [1m[35mBEGIN[0m
  [1m[35m (2.6ms)[0m  [1m[35mDROP TABLE "post_tags"[0m
  [1m[36mprimary::SchemaMigration Destroy (1.8ms)[0m  [1m[31mDELETE FROM "schema_migrations" WHERE "schema_migrations"."version" = $1[0m  [["version", "20200409195322"]]
  [1m[35m (6.9ms)[0m  [1m[35mCOMMIT[0m
Migrating to CreateTags (20200409195058)
  [1m[35m (0.6ms)[0m  [1m[35mBEGIN[0m
  [1m[35m (1.0ms)[0m  [1m[35mDROP TABLE "tags"[0m
  [1m[36mprimary::SchemaMigration Destroy (1.2ms)[0m  [1m[31mDELETE FROM "schema_migrations" WHERE "schema_migrations"."version" = $1[0m  [["version", "20200409195058"]]
  [1m[35m (3.5ms)[0m  [1m[35mCOMMIT[0m
Migrating to CreatePosts (20200409194615)
  [1m[35m (0.2ms)[0m  [1m[35mBEGIN[0m
  [1m[35m (1.0ms)[0m  [1m[35mDROP TABLE "posts"[0m
  [1m[36mprimary::SchemaMigration Destroy (1.1ms)[0m  [1m[31mDELETE FROM "schema_migrations" WHERE "schema_migrations"."version" = $1[0m  [["version", "20200409194615"]]
  [1m[35m (17.5ms)[0m  [1m[35mCOMMIT[0m
  [1m[35m (0.6ms)[0m  [1m[34mSELECT pg_advisory_unlock(5760214186689642015)[0m
  [1m[35m (1.2ms)[0m  [1m[34mSELECT "schema_migrations"."version" FROM "schema_migrations" ORDER BY "schema_migrations"."version" ASC[0m
  [1m[35m (0.2ms)[0m  [1m[34mSELECT pg_try_advisory_lock(5760214186689642015)[0m
  [1m[35m (0.6ms)[0m  [1m[34mSELECT "schema_migrations"."version" FROM "schema_migrations" ORDER BY "schema_migrations"."version" ASC[0m
Migrating to CreatePosts (20200409194615)
  [1m[35m (0.2ms)[0m  [1m[35mBEGIN[0m
  [1m[35m (12.9ms)[0m  [1m[35mCREATE TABLE "posts" ("id" bigserial primary key, "title" character varying, "body" text, "created_at" timestamp(6) NOT NULL, "updated_at" timestamp(6) NOT NULL)[0m
  [1m[36mprimary::SchemaMigration Create (0.4ms)[0m  [1m[32mINSERT INTO "schema_migrations" ("version") VALUES ($1) RETURNING "version"[0m  [["version", "20200409194615"]]
  [1m[35m (0.8ms)[0m  [1m[35mCOMMIT[0m
Migrating to CreateTags (20200409195058)
  [1m[35m (0.6ms)[0m  [1m[35mBEGIN[0m
  [1m[35m (17.6ms)[0m  [1m[35mCREATE TABLE "tags" ("id" bigserial primary key, "name" character varying, "created_at" timestamp(6) NOT NULL, "updated_at" timestamp(6) NOT NULL)[0m
  [1m[36mprimary::SchemaMigration Create (23.5ms)[0m  [1m[32mINSERT INTO "schema_migrations" ("version") VALUES ($1) RETURNING "version"[0m  [["version", "20200409195058"]]
  [1m[35m (0.5ms)[0m  [1m[35mCOMMIT[0m
Migrating to CreatePostTags (20200409195322)
  [1m[35m (1.8ms)[0m  [1m[35mBEGIN[0m
  [1m[35m (20.1ms)[0m  [1m[35mCREATE TABLE "post_tags" ("id" bigserial primary key, "post_id" bigint NOT NULL, "tag_id" bigint NOT NULL, "created_at" timestamp(6) NOT NULL, "updated_at" timestamp(6) NOT NULL, CONSTRAINT "fk_rails_fdf74b486b"
FOREIGN KEY ("post_id")
  REFERENCES "posts" ("id")
, CONSTRAINT "fk_rails_c9d8c5063e"
FOREIGN KEY ("tag_id")
  REFERENCES "tags" ("id")
)[0m
  [1m[35m (1.1ms)[0m  [1m[35mCREATE  INDEX  "index_post_tags_on_post_id" ON "post_tags"  ("post_id")[0m
  [1m[35m (2.1ms)[0m  [1m[35mCREATE  INDEX  "index_post_tags_on_tag_id" ON "post_tags"  ("tag_id")[0m
  [1m[36mprimary::SchemaMigration Create (0.5ms)[0m  [1m[32mINSERT INTO "schema_migrations" ("version") VALUES ($1) RETURNING "version"[0m  [["version", "20200409195322"]]
  [1m[35m (0.7ms)[0m  [1m[35mCOMMIT[0m
  [1m[36mActiveRecord::InternalMetadata Load (0.5ms)[0m  [1m[34mSELECT "ar_internal_metadata".* FROM "ar_internal_metadata" WHERE "ar_internal_metadata"."key" = $1 LIMIT $2[0m  [["key", "environment"], ["LIMIT", 1]]
  [1m[35m (0.3ms)[0m  [1m[34mSELECT pg_advisory_unlock(5760214186689642015)[0m
  [1m[35m (0.6ms)[0m  [1m[34mSELECT "schema_migrations"."version" FROM "schema_migrations" ORDER BY "schema_migrations"."version" ASC[0m
  [1m[35m (0.7ms)[0m  [1m[34mSELECT "schema_migrations"."version" FROM "schema_migrations" ORDER BY "schema_migrations"."version" ASC[0m
  [1m[35m (0.2ms)[0m  [1m[35mBEGIN[0m
  [1m[36mTag Create (1.8ms)[0m  [1m[32mINSERT INTO "tags" ("name", "created_at", "updated_at") VALUES ($1, $2, $3) RETURNING "id"[0m  [["name", "You're It"], ["created_at", "2020-04-09 20:24:39.801293"], ["updated_at", "2020-04-09 20:24:39.801293"]]
  [1m[35m (0.6ms)[0m  [1m[35mCOMMIT[0m
  [1m[35m (0.8ms)[0m  [1m[35mBEGIN[0m
  [1m[36mTag Load (0.3ms)[0m  [1m[34mSELECT "tags".* FROM "tags" WHERE "tags"."id" = $1 LIMIT $2[0m  [["id", 1], ["LIMIT", 1]]
  [1m[35m (0.2ms)[0m  [1m[31mROLLBACK[0m
  [1m[36mPost Load (1.7ms)[0m  [1m[34mSELECT "posts".* FROM "posts" LIMIT $1[0m  [["LIMIT", 11]]
  [1m[36mTag Load (0.6ms)[0m  [1m[34mSELECT "tags".* FROM "tags" LIMIT $1[0m  [["LIMIT", 11]]
  [1m[36mPostTag Load (4.0ms)[0m  [1m[34mSELECT "post_tags".* FROM "post_tags" LIMIT $1[0m  [["LIMIT", 11]]
  [1m[35m (0.7ms)[0m  [1m[34mSELECT "schema_migrations"."version" FROM "schema_migrations" ORDER BY "schema_migrations"."version" ASC[0m
  [1m[35m (0.4ms)[0m  [1m[34mSELECT "schema_migrations"."version" FROM "schema_migrations" ORDER BY "schema_migrations"."version" ASC[0m
  [1m[35m (0.2ms)[0m  [1m[34mSELECT "schema_migrations"."version" FROM "schema_migrations" ORDER BY "schema_migrations"."version" ASC[0m
  [1m[35m (0.2ms)[0m  [1m[34mSELECT pg_try_advisory_lock(5760214186689642015)[0m
  [1m[35m (0.4ms)[0m  [1m[34mSELECT "schema_migrations"."version" FROM "schema_migrations" ORDER BY "schema_migrations"."version" ASC[0m
Migrating to CreatePostTags (20200409195322)
  [1m[35m (0.2ms)[0m  [1m[35mBEGIN[0m
  [1m[35m (5.0ms)[0m  [1m[35mDROP TABLE "post_tags"[0m
  [1m[36mprimary::SchemaMigration Destroy (0.5ms)[0m  [1m[31mDELETE FROM "schema_migrations" WHERE "schema_migrations"."version" = $1[0m  [["version", "20200409195322"]]
  [1m[35m (5.4ms)[0m  [1m[35mCOMMIT[0m
Migrating to CreateTags (20200409195058)
  [1m[35m (0.6ms)[0m  [1m[35mBEGIN[0m
  [1m[35m (1.6ms)[0m  [1m[35mDROP TABLE "tags"[0m
  [1m[36mprimary::SchemaMigration Destroy (0.5ms)[0m  [1m[31mDELETE FROM "schema_migrations" WHERE "schema_migrations"."version" = $1[0m  [["version", "20200409195058"]]
  [1m[35m (2.4ms)[0m  [1m[35mCOMMIT[0m
Migrating to CreatePosts (20200409194615)
  [1m[35m (0.2ms)[0m  [1m[35mBEGIN[0m
  [1m[35m (1.6ms)[0m  [1m[35mDROP TABLE "posts"[0m
  [1m[36mprimary::SchemaMigration Destroy (0.5ms)[0m  [1m[31mDELETE FROM "schema_migrations" WHERE "schema_migrations"."version" = $1[0m  [["version", "20200409194615"]]
  [1m[35m (5.7ms)[0m  [1m[35mCOMMIT[0m
  [1m[35m (2.1ms)[0m  [1m[34mSELECT pg_advisory_unlock(5760214186689642015)[0m
  [1m[35m (1.0ms)[0m  [1m[34mSELECT "schema_migrations"."version" FROM "schema_migrations" ORDER BY "schema_migrations"."version" ASC[0m
  [1m[35m (0.2ms)[0m  [1m[34mSELECT pg_try_advisory_lock(5760214186689642015)[0m
  [1m[35m (0.7ms)[0m  [1m[34mSELECT "schema_migrations"."version" FROM "schema_migrations" ORDER BY "schema_migrations"."version" ASC[0m
Migrating to CreatePosts (20200409194615)
  [1m[35m (0.2ms)[0m  [1m[35mBEGIN[0m
  [1m[35m (8.0ms)[0m  [1m[35mCREATE TABLE "posts" ("id" bigserial primary key, "title" character varying, "body" text, "created_at" timestamp(6) NOT NULL, "updated_at" timestamp(6) NOT NULL)[0m
  [1m[36mprimary::SchemaMigration Create (0.4ms)[0m  [1m[32mINSERT INTO "schema_migrations" ("version") VALUES ($1) RETURNING "version"[0m  [["version", "20200409194615"]]
  [1m[35m (3.5ms)[0m  [1m[35mCOMMIT[0m
Migrating to CreateTags (20200409195058)
  [1m[35m (0.6ms)[0m  [1m[35mBEGIN[0m
  [1m[35m (4.2ms)[0m  [1m[35mCREATE TABLE "tags" ("id" bigserial primary key, "name" character varying, "created_at" timestamp(6) NOT NULL, "updated_at" timestamp(6) NOT NULL)[0m
  [1m[36mprimary::SchemaMigration Create (2.2ms)[0m  [1m[32mINSERT INTO "schema_migrations" ("version") VALUES ($1) RETURNING "version"[0m  [["version", "20200409195058"]]
  [1m[35m (0.8ms)[0m  [1m[35mCOMMIT[0m
Migrating to CreatePostTags (20200409195322)
  [1m[35m (1.0ms)[0m  [1m[35mBEGIN[0m
  [1m[35m (10.4ms)[0m  [1m[35mCREATE TABLE "post_tags" ("id" bigserial primary key, "post_id" bigint NOT NULL, "tag_id" bigint NOT NULL, "created_at" timestamp(6) NOT NULL, "updated_at" timestamp(6) NOT NULL, CONSTRAINT "fk_rails_fdf74b486b"
FOREIGN KEY ("post_id")
  REFERENCES "posts" ("id")
, CONSTRAINT "fk_rails_c9d8c5063e"
FOREIGN KEY ("tag_id")
  REFERENCES "tags" ("id")
)[0m
  [1m[35m (1.7ms)[0m  [1m[35mCREATE  INDEX  "index_post_tags_on_post_id" ON "post_tags"  ("post_id")[0m
  [1m[35m (1.6ms)[0m  [1m[35mCREATE  INDEX  "index_post_tags_on_tag_id" ON "post_tags"  ("tag_id")[0m
  [1m[36mprimary::SchemaMigration Create (3.6ms)[0m  [1m[32mINSERT INTO "schema_migrations" ("version") VALUES ($1) RETURNING "version"[0m  [["version", "20200409195322"]]
  [1m[35m (1.2ms)[0m  [1m[35mCOMMIT[0m
  [1m[36mActiveRecord::InternalMetadata Load (3.2ms)[0m  [1m[34mSELECT "ar_internal_metadata".* FROM "ar_internal_metadata" WHERE "ar_internal_metadata"."key" = $1 LIMIT $2[0m  [["key", "environment"], ["LIMIT", 1]]
  [1m[35m (0.4ms)[0m  [1m[34mSELECT pg_advisory_unlock(5760214186689642015)[0m
  [1m[35m (1.0ms)[0m  [1m[34mSELECT "schema_migrations"."version" FROM "schema_migrations" ORDER BY "schema_migrations"."version" ASC[0m
  [1m[35m (0.6ms)[0m  [1m[34mSELECT "schema_migrations"."version" FROM "schema_migrations" ORDER BY "schema_migrations"."version" ASC[0m
  [1m[35m (0.2ms)[0m  [1m[35mBEGIN[0m
  [1m[36mTag Create (1.1ms)[0m  [1m[32mINSERT INTO "tags" ("name", "created_at", "updated_at") VALUES ($1, $2, $3) RETURNING "id"[0m  [["name", "You're It"], ["created_at", "2020-04-09 20:28:07.327501"], ["updated_at", "2020-04-09 20:28:07.327501"]]
  [1m[35m (0.8ms)[0m  [1m[35mCOMMIT[0m
  [1m[35m (2.0ms)[0m  [1m[35mBEGIN[0m
  [1m[36mTag Load (0.4ms)[0m  [1m[34mSELECT "tags".* FROM "tags" WHERE "tags"."id" = $1 LIMIT $2[0m  [["id", 1], ["LIMIT", 1]]
  [1m[35m (0.2ms)[0m  [1m[31mROLLBACK[0m
  [1m[36mPost Load (0.5ms)[0m  [1m[34mSELECT "posts".* FROM "posts" LIMIT $1[0m  [["LIMIT", 11]]
  [1m[35m (0.9ms)[0m  [1m[34mSELECT "schema_migrations"."version" FROM "schema_migrations" ORDER BY "schema_migrations"."version" ASC[0m
  [1m[35m (0.4ms)[0m  [1m[34mSELECT "schema_migrations"."version" FROM "schema_migrations" ORDER BY "schema_migrations"."version" ASC[0m
  [1m[35m (0.2ms)[0m  [1m[34mSELECT "schema_migrations"."version" FROM "schema_migrations" ORDER BY "schema_migrations"."version" ASC[0m
  [1m[35m (0.2ms)[0m  [1m[34mSELECT pg_try_advisory_lock(5760214186689642015)[0m
  [1m[35m (0.3ms)[0m  [1m[34mSELECT "schema_migrations"."version" FROM "schema_migrations" ORDER BY "schema_migrations"."version" ASC[0m
Migrating to CreatePostTags (20200409195322)
  [1m[35m (0.2ms)[0m  [1m[35mBEGIN[0m
  [1m[35m (2.6ms)[0m  [1m[35mDROP TABLE "post_tags"[0m
  [1m[36mprimary::SchemaMigration Destroy (0.5ms)[0m  [1m[31mDELETE FROM "schema_migrations" WHERE "schema_migrations"."version" = $1[0m  [["version", "20200409195322"]]
  [1m[35m (6.1ms)[0m  [1m[35mCOMMIT[0m
Migrating to CreateTags (20200409195058)
  [1m[35m (0.3ms)[0m  [1m[35mBEGIN[0m
  [1m[35m (3.7ms)[0m  [1m[35mDROP TABLE "tags"[0m
  [1m[36mprimary::SchemaMigration Destroy (0.4ms)[0m  [1m[31mDELETE FROM "schema_migrations" WHERE "schema_migrations"."version" = $1[0m  [["version", "20200409195058"]]
  [1m[35m (7.8ms)[0m  [1m[35mCOMMIT[0m
Migrating to CreatePosts (20200409194615)
  [1m[35m (3.6ms)[0m  [1m[35mBEGIN[0m
  [1m[35m (2.1ms)[0m  [1m[35mDROP TABLE "posts"[0m
  [1m[36mprimary::SchemaMigration Destroy (3.1ms)[0m  [1m[31mDELETE FROM "schema_migrations" WHERE "schema_migrations"."version" = $1[0m  [["version", "20200409194615"]]
  [1m[35m (11.2ms)[0m  [1m[35mCOMMIT[0m
  [1m[35m (0.5ms)[0m  [1m[34mSELECT pg_advisory_unlock(5760214186689642015)[0m
  [1m[35m (0.8ms)[0m  [1m[34mSELECT "schema_migrations"."version" FROM "schema_migrations" ORDER BY "schema_migrations"."version" ASC[0m
  [1m[35m (0.2ms)[0m  [1m[34mSELECT pg_try_advisory_lock(5760214186689642015)[0m
  [1m[35m (0.8ms)[0m  [1m[34mSELECT "schema_migrations"."version" FROM "schema_migrations" ORDER BY "schema_migrations"."version" ASC[0m
Migrating to CreatePosts (20200409194615)
  [1m[35m (0.2ms)[0m  [1m[35mBEGIN[0m
  [1m[35m (15.8ms)[0m  [1m[35mCREATE TABLE "posts" ("id" bigserial primary key, "title" character varying, "body" text, "created_at" timestamp(6) NOT NULL, "updated_at" timestamp(6) NOT NULL)[0m
  [1m[36mprimary::SchemaMigration Create (1.8ms)[0m  [1m[32mINSERT INTO "schema_migrations" ("version") VALUES ($1) RETURNING "version"[0m  [["version", "20200409194615"]]
  [1m[35m (1.2ms)[0m  [1m[35mCOMMIT[0m
Migrating to CreateTags (20200409195058)
  [1m[35m (3.6ms)[0m  [1m[35mBEGIN[0m
  [1m[35m (11.6ms)[0m  [1m[35mCREATE TABLE "tags" ("id" bigserial primary key, "name" character varying, "created_at" timestamp(6) NOT NULL, "updated_at" timestamp(6) NOT NULL)[0m
  [1m[36mprimary::SchemaMigration Create (4.4ms)[0m  [1m[32mINSERT INTO "schema_migrations" ("version") VALUES ($1) RETURNING "version"[0m  [["version", "20200409195058"]]
  [1m[35m (0.9ms)[0m  [1m[35mCOMMIT[0m
Migrating to CreatePostTags (20200409195322)
  [1m[35m (3.5ms)[0m  [1m[35mBEGIN[0m
  [1m[35m (7.2ms)[0m  [1m[35mCREATE TABLE "post_tags" ("id" bigserial primary key, "post_id" bigint NOT NULL, "tag_id" bigint NOT NULL, "created_at" timestamp(6) NOT NULL, "updated_at" timestamp(6) NOT NULL, CONSTRAINT "fk_rails_fdf74b486b"
FOREIGN KEY ("post_id")
  REFERENCES "posts" ("id")
, CONSTRAINT "fk_rails_c9d8c5063e"
FOREIGN KEY ("tag_id")
  REFERENCES "tags" ("id")
)[0m
  [1m[35m (1.2ms)[0m  [1m[35mCREATE  INDEX  "index_post_tags_on_post_id" ON "post_tags"  ("post_id")[0m
  [1m[35m (1.9ms)[0m  [1m[35mCREATE  INDEX  "index_post_tags_on_tag_id" ON "post_tags"  ("tag_id")[0m
  [1m[36mprimary::SchemaMigration Create (1.0ms)[0m  [1m[32mINSERT INTO "schema_migrations" ("version") VALUES ($1) RETURNING "version"[0m  [["version", "20200409195322"]]
  [1m[35m (4.2ms)[0m  [1m[35mCOMMIT[0m
  [1m[36mActiveRecord::InternalMetadata Load (0.9ms)[0m  [1m[34mSELECT "ar_internal_metadata".* FROM "ar_internal_metadata" WHERE "ar_internal_metadata"."key" = $1 LIMIT $2[0m  [["key", "environment"], ["LIMIT", 1]]
  [1m[35m (0.3ms)[0m  [1m[34mSELECT pg_advisory_unlock(5760214186689642015)[0m
  [1m[35m (0.8ms)[0m  [1m[34mSELECT "schema_migrations"."version" FROM "schema_migrations" ORDER BY "schema_migrations"."version" ASC[0m
  [1m[35m (0.3ms)[0m  [1m[35mBEGIN[0m
  [1m[36mPost Create (4.4ms)[0m  [1m[32mINSERT INTO "posts" ("title", "body", "created_at", "updated_at") VALUES ($1, $2, $3, $4) RETURNING "id"[0m  [["title", "test"], ["body", "testest"], ["created_at", "2020-04-09 20:33:43.111679"], ["updated_at", "2020-04-09 20:33:43.111679"]]
  [1m[35m (1.2ms)[0m  [1m[35mCOMMIT[0m
  [1m[36mPost Load (0.9ms)[0m  [1m[34mSELECT "posts".* FROM "posts" LIMIT $1[0m  [["LIMIT", 11]]
  [1m[35m (0.9ms)[0m  [1m[34mSELECT "schema_migrations"."version" FROM "schema_migrations" ORDER BY "schema_migrations"."version" ASC[0m
  [1m[36mPost Load (0.6ms)[0m  [1m[34mSELECT "posts".* FROM "posts"[0m
  [1m[35m (0.3ms)[0m  [1m[35mBEGIN[0m
  [1m[36mPost Destroy (9.3ms)[0m  [1m[31mDELETE FROM "posts" WHERE "posts"."id" = $1[0m  [["id", 1]]
  [1m[35m (0.7ms)[0m  [1m[35mCOMMIT[0m
  [1m[36mTag Load (2.1ms)[0m  [1m[34mSELECT "tags".* FROM "tags"[0m
  [1m[36mPostTag Load (0.4ms)[0m  [1m[34mSELECT "post_tags".* FROM "post_tags"[0m
  [1m[35m (0.2ms)[0m  [1m[35mBEGIN[0m
  [1m[36mPost Create (0.5ms)[0m  [1m[32mINSERT INTO "posts" ("title", "body", "created_at", "updated_at") VALUES ($1, $2, $3, $4) RETURNING "id"[0m  [["title", "First Post"], ["body", "Hello World!"], ["created_at", "2020-04-09 20:34:53.350436"], ["updated_at", "2020-04-09 20:34:53.350436"]]
  [1m[35m (0.6ms)[0m  [1m[35mCOMMIT[0m
  [1m[35m (1.7ms)[0m  [1m[35mBEGIN[0m
  [1m[36mPost Create (0.4ms)[0m  [1m[32mINSERT INTO "posts" ("title", "body", "created_at", "updated_at") VALUES ($1, $2, $3, $4) RETURNING "id"[0m  [["title", "Second Post"], ["body", "Almost as good as the first"], ["created_at", "2020-04-09 20:34:53.366849"], ["updated_at", "2020-04-09 20:34:53.366849"]]
  [1m[35m (0.6ms)[0m  [1m[35mCOMMIT[0m
  [1m[35m (0.2ms)[0m  [1m[35mBEGIN[0m
  [1m[36mTag Create (0.7ms)[0m  [1m[32mINSERT INTO "tags" ("name", "created_at", "updated_at") VALUES ($1, $2, $3) RETURNING "id"[0m  [["name", "You're It"], ["created_at", "2020-04-09 20:34:53.397181"], ["updated_at", "2020-04-09 20:34:53.397181"]]
  [1m[35m (0.5ms)[0m  [1m[35mCOMMIT[0m
  [1m[35m (0.2ms)[0m  [1m[35mBEGIN[0m
  [1m[36mPost Load (0.3ms)[0m  [1m[34mSELECT "posts".* FROM "posts" WHERE "posts"."id" = $1 LIMIT $2[0m  [["id", 2], ["LIMIT", 1]]
  [1m[36mTag Load (0.2ms)[0m  [1m[34mSELECT "tags".* FROM "tags" WHERE "tags"."id" = $1 LIMIT $2[0m  [["id", 1], ["LIMIT", 1]]
  [1m[36mPostTag Create (0.9ms)[0m  [1m[32mINSERT INTO "post_tags" ("post_id", "tag_id", "created_at", "updated_at") VALUES ($1, $2, $3, $4) RETURNING "id"[0m  [["post_id", 2], ["tag_id", 1], ["created_at", "2020-04-09 20:34:53.436559"], ["updated_at", "2020-04-09 20:34:53.436559"]]
  [1m[35m (0.5ms)[0m  [1m[35mCOMMIT[0m
  [1m[36mPost Load (0.4ms)[0m  [1m[34mSELECT "posts".* FROM "posts" LIMIT $1[0m  [["LIMIT", 11]]
  [1m[36mPost Load (0.4ms)[0m  [1m[34mSELECT "posts".* FROM "posts" ORDER BY "posts"."id" ASC LIMIT $1[0m  [["LIMIT", 1]]
  [1m[36mTag Load (0.4ms)[0m  [1m[34mSELECT "tags".* FROM "tags" ORDER BY "tags"."id" ASC LIMIT $1[0m  [["LIMIT", 1]]
  [1m[36mTag Load (1.0ms)[0m  [1m[34mSELECT "tags".* FROM "tags" ORDER BY "tags"."id" ASC LIMIT $1[0m  [["LIMIT", 1]]
  [1m[36mPost Load (1.2ms)[0m  [1m[34mSELECT "posts".* FROM "posts" INNER JOIN "post_tags" ON "posts"."id" = "post_tags"."post_id" WHERE "post_tags"."tag_id" = $1 LIMIT $2[0m  [["tag_id", 1], ["LIMIT", 11]]
  [1m[35m (0.7ms)[0m  [1m[34mSELECT "schema_migrations"."version" FROM "schema_migrations" ORDER BY "schema_migrations"."version" ASC[0m
  [1m[35m (0.3ms)[0m  [1m[34mSELECT "schema_migrations"."version" FROM "schema_migrations" ORDER BY "schema_migrations"."version" ASC[0m
  [1m[35m (0.2ms)[0m  [1m[34mSELECT "schema_migrations"."version" FROM "schema_migrations" ORDER BY "schema_migrations"."version" ASC[0m
  [1m[35m (0.2ms)[0m  [1m[34mSELECT pg_try_advisory_lock(5760214186689642015)[0m
  [1m[35m (0.3ms)[0m  [1m[34mSELECT "schema_migrations"."version" FROM "schema_migrations" ORDER BY "schema_migrations"."version" ASC[0m
Migrating to CreatePostTags (20200409195322)
  [1m[35m (0.3ms)[0m  [1m[35mBEGIN[0m
  [1m[35m (5.1ms)[0m  [1m[35mDROP TABLE "post_tags"[0m
  [1m[36mprimary::SchemaMigration Destroy (1.3ms)[0m  [1m[31mDELETE FROM "schema_migrations" WHERE "schema_migrations"."version" = $1[0m  [["version", "20200409195322"]]
  [1m[35m (5.2ms)[0m  [1m[35mCOMMIT[0m
Migrating to CreateTags (20200409195058)
  [1m[35m (0.8ms)[0m  [1m[35mBEGIN[0m
  [1m[35m (1.0ms)[0m  [1m[35mDROP TABLE "tags"[0m
  [1m[36mprimary::SchemaMigration Destroy (0.6ms)[0m  [1m[31mDELETE FROM "schema_migrations" WHERE "schema_migrations"."version" = $1[0m  [["version", "20200409195058"]]
  [1m[35m (1.4ms)[0m  [1m[35mCOMMIT[0m
Migrating to CreatePosts (20200409194615)
  [1m[35m (0.5ms)[0m  [1m[35mBEGIN[0m
  [1m[35m (1.5ms)[0m  [1m[35mDROP TABLE "posts"[0m
  [1m[36mprimary::SchemaMigration Destroy (2.6ms)[0m  [1m[31mDELETE FROM "schema_migrations" WHERE "schema_migrations"."version" = $1[0m  [["version", "20200409194615"]]
  [1m[35m (1.8ms)[0m  [1m[35mCOMMIT[0m
  [1m[35m (0.6ms)[0m  [1m[34mSELECT pg_advisory_unlock(5760214186689642015)[0m
  [1m[35m (0.7ms)[0m  [1m[34mSELECT "schema_migrations"."version" FROM "schema_migrations" ORDER BY "schema_migrations"."version" ASC[0m
  [1m[35m (0.2ms)[0m  [1m[34mSELECT pg_try_advisory_lock(5760214186689642015)[0m
  [1m[35m (0.7ms)[0m  [1m[34mSELECT "schema_migrations"."version" FROM "schema_migrations" ORDER BY "schema_migrations"."version" ASC[0m
Migrating to CreatePosts (20200409194615)
  [1m[35m (0.2ms)[0m  [1m[35mBEGIN[0m
  [1m[35m (19.1ms)[0m  [1m[35mCREATE TABLE "posts" ("id" bigserial primary key, "title" character varying, "body" text, "created_at" timestamp(6) NOT NULL, "updated_at" timestamp(6) NOT NULL)[0m
  [1m[36mprimary::SchemaMigration Create (2.0ms)[0m  [1m[32mINSERT INTO "schema_migrations" ("version") VALUES ($1) RETURNING "version"[0m  [["version", "20200409194615"]]
  [1m[35m (0.8ms)[0m  [1m[35mCOMMIT[0m
Migrating to CreateTags (20200409195058)
  [1m[35m (0.7ms)[0m  [1m[35mBEGIN[0m
  [1m[35m (3.9ms)[0m  [1m[35mCREATE TABLE "tags" ("id" bigserial primary key, "name" character varying, "created_at" timestamp(6) NOT NULL, "updated_at" timestamp(6) NOT NULL)[0m
  [1m[36mprimary::SchemaMigration Create (0.3ms)[0m  [1m[32mINSERT INTO "schema_migrations" ("version") VALUES ($1) RETURNING "version"[0m  [["version", "20200409195058"]]
  [1m[35m (0.9ms)[0m  [1m[35mCOMMIT[0m
Migrating to CreatePostTags (20200409195322)
  [1m[35m (0.4ms)[0m  [1m[35mBEGIN[0m
  [1m[35m (5.7ms)[0m  [1m[35mCREATE TABLE "post_tags" ("id" bigserial primary key, "post_id" bigint NOT NULL, "tag_id" bigint NOT NULL, "created_at" timestamp(6) NOT NULL, "updated_at" timestamp(6) NOT NULL, CONSTRAINT "fk_rails_fdf74b486b"
FOREIGN KEY ("post_id")
  REFERENCES "posts" ("id")
, CONSTRAINT "fk_rails_c9d8c5063e"
FOREIGN KEY ("tag_id")
  REFERENCES "tags" ("id")
)[0m
  [1m[35m (3.4ms)[0m  [1m[35mCREATE  INDEX  "index_post_tags_on_post_id" ON "post_tags"  ("post_id")[0m
  [1m[35m (6.7ms)[0m  [1m[35mCREATE  INDEX  "index_post_tags_on_tag_id" ON "post_tags"  ("tag_id")[0m
  [1m[36mprimary::SchemaMigration Create (0.3ms)[0m  [1m[32mINSERT INTO "schema_migrations" ("version") VALUES ($1) RETURNING "version"[0m  [["version", "20200409195322"]]
  [1m[35m (1.8ms)[0m  [1m[35mCOMMIT[0m
  [1m[36mActiveRecord::InternalMetadata Load (2.1ms)[0m  [1m[34mSELECT "ar_internal_metadata".* FROM "ar_internal_metadata" WHERE "ar_internal_metadata"."key" = $1 LIMIT $2[0m  [["key", "environment"], ["LIMIT", 1]]
  [1m[35m (0.4ms)[0m  [1m[34mSELECT pg_advisory_unlock(5760214186689642015)[0m
  [1m[35m (0.6ms)[0m  [1m[34mSELECT "schema_migrations"."version" FROM "schema_migrations" ORDER BY "schema_migrations"."version" ASC[0m
  [1m[35m (0.7ms)[0m  [1m[34mSELECT "schema_migrations"."version" FROM "schema_migrations" ORDER BY "schema_migrations"."version" ASC[0m
  [1m[36mPost Load (3.0ms)[0m  [1m[34mSELECT "posts".* FROM "posts"[0m
  [1m[36mTag Load (0.6ms)[0m  [1m[34mSELECT "tags".* FROM "tags"[0m
  [1m[36mPostTag Load (0.6ms)[0m  [1m[34mSELECT "post_tags".* FROM "post_tags"[0m
  [1m[35m (0.2ms)[0m  [1m[35mBEGIN[0m
  [1m[36mPost Create (0.6ms)[0m  [1m[32mINSERT INTO "posts" ("title", "body", "created_at", "updated_at") VALUES ($1, $2, $3, $4) RETURNING "id"[0m  [["title", "First Post"], ["body", "Hello World!"], ["created_at", "2020-04-09 20:36:12.149329"], ["updated_at", "2020-04-09 20:36:12.149329"]]
  [1m[35m (1.2ms)[0m  [1m[35mCOMMIT[0m
  [1m[35m (0.2ms)[0m  [1m[35mBEGIN[0m
  [1m[36mPost Create (0.4ms)[0m  [1m[32mINSERT INTO "posts" ("title", "body", "created_at", "updated_at") VALUES ($1, $2, $3, $4) RETURNING "id"[0m  [["title", "Second Post"], ["body", "Almost as good as the first"], ["created_at", "2020-04-09 20:36:12.159320"], ["updated_at", "2020-04-09 20:36:12.159320"]]
  [1m[35m (0.4ms)[0m  [1m[35mCOMMIT[0m
  [1m[35m (0.2ms)[0m  [1m[35mBEGIN[0m
  [1m[36mTag Create (0.6ms)[0m  [1m[32mINSERT INTO "tags" ("name", "created_at", "updated_at") VALUES ($1, $2, $3) RETURNING "id"[0m  [["name", "You're It"], ["created_at", "2020-04-09 20:36:12.185006"], ["updated_at", "2020-04-09 20:36:12.185006"]]
  [1m[35m (0.5ms)[0m  [1m[35mCOMMIT[0m
  [1m[35m (0.2ms)[0m  [1m[35mBEGIN[0m
  [1m[36mPost Load (0.3ms)[0m  [1m[34mSELECT "posts".* FROM "posts" WHERE "posts"."id" = $1 LIMIT $2[0m  [["id", 1], ["LIMIT", 1]]
  [1m[36mTag Load (0.2ms)[0m  [1m[34mSELECT "tags".* FROM "tags" WHERE "tags"."id" = $1 LIMIT $2[0m  [["id", 1], ["LIMIT", 1]]
  [1m[36mPostTag Create (1.1ms)[0m  [1m[32mINSERT INTO "post_tags" ("post_id", "tag_id", "created_at", "updated_at") VALUES ($1, $2, $3, $4) RETURNING "id"[0m  [["post_id", 1], ["tag_id", 1], ["created_at", "2020-04-09 20:36:12.234556"], ["updated_at", "2020-04-09 20:36:12.234556"]]
  [1m[35m (0.4ms)[0m  [1m[35mCOMMIT[0m
  [1m[36mPost Load (0.6ms)[0m  [1m[34mSELECT "posts".* FROM "posts" LIMIT $1[0m  [["LIMIT", 11]]
  [1m[36mPost Load (0.4ms)[0m  [1m[34mSELECT "posts".* FROM "posts" ORDER BY "posts"."id" ASC LIMIT $1[0m  [["LIMIT", 1]]
  [1m[36mTag Load (1.9ms)[0m  [1m[34mSELECT "tags".* FROM "tags" INNER JOIN "post_tags" ON "tags"."id" = "post_tags"."tag_id" WHERE "post_tags"."post_id" = $1 LIMIT $2[0m  [["post_id", 1], ["LIMIT", 11]]
  [1m[36mPostTag Load (0.3ms)[0m  [1m[34mSELECT "post_tags".* FROM "post_tags" LIMIT $1[0m  [["LIMIT", 11]]
